nov. 07, 2020 11:45:40 P. M. practica.Log escribirLog
INFO: [Inicio de programa] 

nov. 07, 2020 11:47:13 P. M. practica.Log escribirLog
INFO: [Inicio de programa] 

nov. 07, 2020 11:47:43 P. M. practica.Log escribirLog
INFO: [Inicio de programa] 

nov. 07, 2020 11:47:46 P. M. practica.Log escribirLog
INFO: [Inicio de programa] 

nov. 07, 2020 11:48:25 P. M. practica.Log escribirLog
INFO: [Inicio de programa] 

nov. 07, 2020 11:49:50 P. M. practica.Log escribirLog
INFO: [Inicio de programa] 

nov. 07, 2020 11:50:32 P. M. practica.Log escribirLog
INFO: [Inicio de programa] 

nov. 07, 2020 11:50:55 P. M. practica.Log escribirLog
INFO: [Inicio de programa] 

nov. 07, 2020 11:51:19 P. M. practica.Log escribirLog
INFO: [Inicio de programa] 

nov. 07, 2020 11:52:40 P. M. practica.Log escribirLog
INFO: [Inicio de programa] 

nov. 07, 2020 11:52:50 P. M. practica.Log escribirLog
INFO: [Inicio de programa] 

nov. 07, 2020 11:53:01 P. M. practica.Log escribirLog
INFO: [Inicio de programa] 

nov. 08, 2020 12:17:58 P. M. practica.Log escribirLog
INFO: [Inicio de programa] 

nov. 09, 2020 9:29:53 A. M. practica.Log escribirLog
INFO: [Inicio de programa] 

nov. 09, 2020 9:33:15 A. M. practica.Log escribirLog
INFO: [Inicio de programa] 

nov. 09, 2020 9:33:21 A. M. practica.Log escribirLog
INFO: [Apertura de menú] 

nov. 09, 2020 9:33:24 A. M. practica.Log escribirLog
INFO: [SELECT * FROM clientes ORDER BY apellido1Cliente, apellido2Cliente] 

nov. 09, 2020 9:33:24 A. M. practica.Log escribirLog
INFO: [Accediendo a servicio de consulta de clientes] 

nov. 09, 2020 9:33:43 A. M. practica.Log escribirLog
INFO: [Inicio de programa] 

nov. 09, 2020 9:36:14 A. M. practica.Log escribirLog
INFO: [Inicio de programa] 

nov. 10, 2020 10:00:56 A. M. practica.Log escribirLog
INFO: [Inicio de programa] 

nov. 10, 2020 10:01:07 A. M. practica.Log escribirLog
INFO: [Inicio de programa] 

nov. 10, 2020 10:01:11 A. M. practica.Log escribirLog
INFO: [Apertura de menú] 

nov. 10, 2020 10:01:11 A. M. practica.Log escribirLog
INFO: [Apertura de menú] 

nov. 10, 2020 10:01:11 A. M. practica.Log escribirLog
INFO: [Apertura de menú] 

nov. 10, 2020 10:01:13 A. M. practica.Log escribirLog
INFO: [SELECT * FROM clientes ORDER BY apellido1Cliente, apellido2Cliente] 

nov. 10, 2020 10:01:14 A. M. practica.Log escribirLog
INFO: [Accediendo a servicio de consulta de clientes] 

nov. 10, 2020 10:01:19 A. M. practica.Log escribirLog
INFO: [Exportado PDF de consulta de clientes] 

nov. 10, 2020 10:01:34 A. M. practica.Log escribirLog
INFO: [Accediendo a servicio de alta de clientes] 

nov. 10, 2020 10:01:40 A. M. practica.Log escribirLog
INFO: [Accediendo a servicio de alta de contrataciones] 

nov. 10, 2020 10:01:45 A. M. practica.Log escribirLog
INFO: [INSERT INTO contrataciones VALUES (5, 20)] 

nov. 10, 2020 10:01:45 A. M. practica.Log escribirLog
INFO: [Nuevo crucero dado de alta] 

nov. 10, 2020 10:01:45 A. M. practica.Log escribirLog
INFO: [SELECT * FROM contrataciones, cruceros, clientes WHERE idClienteFK = idCliente and idCruceroFK = idCrucero ORDER BY fechaInicioCrucero ASC] 

nov. 10, 2020 10:01:53 A. M. practica.Log escribirLog
INFO: [Accediendo a servicio de alta de contrataciones] 

nov. 10, 2020 10:01:58 A. M. practica.Log escribirLog
INFO: [INSERT INTO contrataciones VALUES (4, 23)] 

nov. 10, 2020 10:01:58 A. M. practica.Log escribirLog
INFO: [Nuevo crucero dado de alta] 

nov. 10, 2020 10:01:58 A. M. practica.Log escribirLog
INFO: [SELECT * FROM contrataciones, cruceros, clientes WHERE idClienteFK = idCliente and idCruceroFK = idCrucero ORDER BY fechaInicioCrucero ASC] 

nov. 10, 2020 10:13:53 A. M. practica.Log escribirLog
INFO: [Inicio de programa] 

nov. 10, 2020 10:14:04 A. M. practica.Log escribirLog
INFO: [Inicio de programa] 

nov. 10, 2020 10:23:11 A. M. practica.Log escribirLog
INFO: [Inicio de programa] 

nov. 10, 2020 10:25:01 A. M. practica.Log escribirLog
INFO: [Inicio de programa] 

nov. 10, 2020 10:35:04 A. M. practica.Log escribirLog
INFO: [Inicio de programa] 

nov. 10, 2020 10:35:16 A. M. practica.Log escribirLog
INFO: [Inicio de programa] 

nov. 10, 2020 10:35:23 A. M. practica.Log escribirLog
INFO: [Inicio de programa] 

nov. 10, 2020 10:35:28 A. M. practica.Log escribirLog
INFO: [Inicio de programa] 

nov. 10, 2020 10:35:54 A. M. practica.Log escribirLog
INFO: [Inicio de programa] 

nov. 10, 2020 10:35:59 A. M. practica.Log escribirLog
INFO: [Inicio de programa] 

nov. 10, 2020 10:36:05 A. M. practica.Log escribirLog
INFO: [Inicio de programa] 

nov. 10, 2020 10:36:11 A. M. practica.Log escribirLog
INFO: [Inicio de programa] 

nov. 10, 2020 10:36:19 A. M. practica.Log escribirLog
INFO: [Inicio de programa] 

nov. 10, 2020 10:36:37 A. M. practica.Log escribirLog
INFO: [Inicio de programa] 

nov. 10, 2020 10:36:47 A. M. practica.Log escribirLog
INFO: [Inicio de programa] 

nov. 10, 2020 10:36:56 A. M. practica.Log escribirLog
INFO: [Inicio de programa] 

nov. 10, 2020 10:37:05 A. M. practica.Log escribirLog
INFO: [Inicio de programa] 

nov. 10, 2020 10:37:12 A. M. practica.Log escribirLog
INFO: [Inicio de programa] 

nov. 10, 2020 10:37:23 A. M. practica.Log escribirLog
INFO: [Inicio de programa] 

nov. 10, 2020 10:37:38 A. M. practica.Log escribirLog
INFO: [Inicio de programa] 

nov. 10, 2020 10:38:26 A. M. practica.Log escribirLog
INFO: [Inicio de programa] 

nov. 10, 2020 10:38:44 A. M. practica.Log escribirLog
INFO: [Inicio de programa] 

